<?xml version="1.0" encoding="UTF-8"?>
<!-- Generated by org.testng.reporters.JUnitReportReporter -->
<testsuite hostname="L-270331" failures="0" tests="26" name="PGHLtestClass.TransactionTestPage" time="77.210" errors="0" timestamp="2024-02-08T15:26:50 IST" skipped="5">
  <testcase classname="PGHLtestClass.TransactionTestPage" name="transaction" time="1.335"/>
  <system-out/>
  <testcase classname="PGHLtestClass.TransactionTestPage" name="Add_Transaction" time="0.689"/>
  <system-out/>
  <testcase classname="PGHLtestClass.TransactionTestPage" name="Retailer_Name" time="11.571"/>
  <system-out/>
  <testcase classname="PGHLtestClass.TransactionTestPage" name="Distributor_Name" time="5.747"/>
  <system-out/>
  <testcase classname="PGHLtestClass.TransactionTestPage" name="Invoice_Date" time="2.104"/>
  <system-out/>
  <testcase classname="PGHLtestClass.TransactionTestPage" name="Invoice_DateEdite" time="2.824"/>
  <system-out/>
  <testcase classname="PGHLtestClass.TransactionTestPage" name="products" time="5.703"/>
  <system-out/>
  <testcase classname="PGHLtestClass.TransactionTestPage" name="selectproduct" time="12.058"/>
  <system-out/>
  <testcase classname="PGHLtestClass.TransactionTestPage" name="MRP" time="0.096"/>
  <system-out/>
  <testcase classname="PGHLtestClass.TransactionTestPage" name="Strips" time="1.578"/>
  <system-out/>
  <testcase classname="PGHLtestClass.TransactionTestPage" name="priseToRetailer" time="10.332"/>
  <system-out/>
  <testcase classname="PGHLtestClass.TransactionTestPage" name="subtotal" time="0.081"/>
  <system-out/>
  <testcase classname="PGHLtestClass.TransactionTestPage" name="ValidationStripsPrice" time="0.243"/>
  <system-out/>
  <testcase classname="PGHLtestClass.TransactionTestPage" name="save_product" time="2.080"/>
  <system-out/>
  <testcase classname="PGHLtestClass.TransactionTestPage" name="invoiceImage" time="3.930"/>
  <system-out/>
  <testcase classname="PGHLtestClass.TransactionTestPage" name="image" time="0.412"/>
  <system-out/>
  <testcase classname="PGHLtestClass.TransactionTestPage" name="ScrollToInvoiceNumber" time="8.873"/>
  <system-out/>
  <testcase classname="PGHLtestClass.TransactionTestPage" name="submit" time="1.589"/>
  <system-out/>
  <testcase classname="PGHLtestClass.TransactionTestPage" name="Back" time="4.021"/>
  <system-out/>
  <testcase classname="PGHLtestClass.TransactionTestPage" name="side_menu" time="1.319"/>
  <system-out/>
  <testcase classname="PGHLtestClass.TransactionTestPage" name="Logout" time="0.625"/>
  <system-out/>
  <testcase classname="PGHLtestClass.TransactionTestPage" name="Pending_Transactions">
    <skipped/>
  </testcase> <!-- Pending_Transactions -->
  <system-out/>
  <testcase classname="PGHLtestClass.TransactionTestPage" name="approve">
    <skipped/>
  </testcase> <!-- approve -->
  <system-out/>
  <testcase classname="PGHLtestClass.TransactionTestPage" name="reject">
    <skipped/>
  </testcase> <!-- reject -->
  <system-out/>
  <testcase classname="PGHLtestClass.TransactionTestPage" name="cancle">
    <skipped/>
  </testcase> <!-- cancle -->
  <system-out/>
  <testcase classname="PGHLtestClass.TransactionTestPage" name="action">
    <skipped/>
  </testcase> <!-- action -->
  <system-out/>
</testsuite> <!-- PGHLtestClass.TransactionTestPage -->
