<?xml version="1.0" encoding="UTF-8"?>
<!-- Generated by org.testng.reporters.JUnitReportReporter -->
<testsuite hostname="L-270331" failures="0" tests="40" name="SomanyTestClass.TransactionTestPage" time="150.259" errors="0" timestamp="2023-11-03T10:43:02 IST" skipped="8">
  <testcase classname="SomanyTestClass.TransactionTestPage" name="transaction" time="1.414"/>
  <system-out/>
  <testcase classname="SomanyTestClass.TransactionTestPage" name="Pending_Transactions" time="1.513"/>
  <system-out/>
  <testcase classname="SomanyTestClass.TransactionTestPage" name="Pending_Transactions" time="1.032"/>
  <system-out/>
  <testcase classname="SomanyTestClass.TransactionTestPage" name="Pending_Transactions" time="1.023"/>
  <system-out/>
  <testcase classname="SomanyTestClass.TransactionTestPage" name="Add_Transaction" time="0.944"/>
  <system-out/>
  <testcase classname="SomanyTestClass.TransactionTestPage" name="approve" time="8.361"/>
  <system-out/>
  <testcase classname="SomanyTestClass.TransactionTestPage" name="action" time="5.320"/>
  <system-out/>
  <testcase classname="SomanyTestClass.TransactionTestPage" name="approve" time="6.259"/>
  <system-out/>
  <testcase classname="SomanyTestClass.TransactionTestPage" name="action" time="9.634"/>
  <system-out/>
  <testcase classname="SomanyTestClass.TransactionTestPage" name="action" time="8.360"/>
  <system-out/>
  <testcase classname="SomanyTestClass.TransactionTestPage" name="Retailer_Name" time="9.197"/>
  <system-out/>
  <testcase classname="SomanyTestClass.TransactionTestPage" name="approve" time="8.637"/>
  <system-out/>
  <testcase classname="SomanyTestClass.TransactionTestPage" name="Distributor_Name" time="3.679"/>
  <system-out/>
  <testcase classname="SomanyTestClass.TransactionTestPage" name="Invoice_Date" time="2.096"/>
  <system-out/>
  <testcase classname="SomanyTestClass.TransactionTestPage" name="Invoice_DateEdite" time="4.770"/>
  <system-out/>
  <testcase classname="SomanyTestClass.TransactionTestPage" name="Invoice_Number" time="4.604"/>
  <system-out/>
  <testcase classname="SomanyTestClass.TransactionTestPage" name="tapOnScreen" time="6.533"/>
  <system-out/>
  <testcase classname="SomanyTestClass.TransactionTestPage" name="Image" time="7.785"/>
  <system-out/>
  <testcase classname="SomanyTestClass.TransactionTestPage" name="Pre_GST_invoice_amount" time="2.807"/>
  <system-out/>
  <testcase classname="SomanyTestClass.TransactionTestPage" name="submit" time="0.085"/>
  <system-out/>
  <testcase classname="SomanyTestClass.TransactionTestPage" name="Back" time="18.234"/>
  <system-out/>
  <testcase classname="SomanyTestClass.TransactionTestPage" name="Back" time="7.766"/>
  <system-out/>
  <testcase classname="SomanyTestClass.TransactionTestPage" name="Back" time="11.931"/>
  <system-out/>
  <testcase classname="SomanyTestClass.TransactionTestPage" name="Back" time="9.863"/>
  <system-out/>
  <testcase classname="SomanyTestClass.TransactionTestPage" name="side_menu" time="1.595"/>
  <system-out/>
  <testcase classname="SomanyTestClass.TransactionTestPage" name="side_menu" time="1.098"/>
  <system-out/>
  <testcase classname="SomanyTestClass.TransactionTestPage" name="side_menu" time="1.010"/>
  <system-out/>
  <testcase classname="SomanyTestClass.TransactionTestPage" name="side_menu" time="0.977"/>
  <system-out/>
  <testcase classname="SomanyTestClass.TransactionTestPage" name="Logout" time="0.897"/>
  <system-out/>
  <testcase classname="SomanyTestClass.TransactionTestPage" name="Logout" time="0.948"/>
  <system-out/>
  <testcase classname="SomanyTestClass.TransactionTestPage" name="Logout" time="0.945"/>
  <system-out/>
  <testcase classname="SomanyTestClass.TransactionTestPage" name="Logout" time="0.942"/>
  <system-out/>
  <testcase classname="SomanyTestClass.TransactionTestPage" name="reject">
    <skipped/>
  </testcase> <!-- reject -->
  <system-out/>
  <testcase classname="SomanyTestClass.TransactionTestPage" name="cancle">
    <skipped/>
  </testcase> <!-- cancle -->
  <system-out/>
  <testcase classname="SomanyTestClass.TransactionTestPage" name="cancle">
    <skipped/>
  </testcase> <!-- cancle -->
  <system-out/>
  <testcase classname="SomanyTestClass.TransactionTestPage" name="reject">
    <skipped/>
  </testcase> <!-- reject -->
  <system-out/>
  <testcase classname="SomanyTestClass.TransactionTestPage" name="reject">
    <skipped/>
  </testcase> <!-- reject -->
  <system-out/>
  <testcase classname="SomanyTestClass.TransactionTestPage" name="cancle">
    <skipped/>
  </testcase> <!-- cancle -->
  <system-out/>
  <testcase classname="SomanyTestClass.TransactionTestPage" name="cancle">
    <skipped/>
  </testcase> <!-- cancle -->
  <system-out/>
  <testcase classname="SomanyTestClass.TransactionTestPage" name="reject">
    <skipped/>
  </testcase> <!-- reject -->
  <system-out/>
</testsuite> <!-- SomanyTestClass.TransactionTestPage -->
